<?xml version="1.0" encoding="UTF-8"?>
<testsuite name="net.sshplendid.examples.spring.students.controller.StudentsControllerTest" tests="2" skipped="0" failures="0" errors="0" timestamp="2018-08-20T13:42:53" hostname="ssh.local" time="0.099">
  <properties/>
  <testcase name="shouldReturnEmptyList" classname="net.sshplendid.examples.spring.students.controller.StudentsControllerTest" time="0.054"/>
  <testcase name="shouldReturnStudents" classname="net.sshplendid.examples.spring.students.controller.StudentsControllerTest" time="0.044"/>
  <system-out><![CDATA[2018-08-20 22:42:53.114  INFO 35405 --- [    Test worker] .b.t.a.w.s.WebMvcTestContextBootstrapper : Neither @ContextConfiguration nor @ContextHierarchy found for test class [net.sshplendid.examples.spring.students.controller.StudentsControllerTest], using SpringBootContextLoader
2018-08-20 22:42:53.116  INFO 35405 --- [    Test worker] o.s.t.c.support.AbstractContextLoader    : Could not detect default resource locations for test class [net.sshplendid.examples.spring.students.controller.StudentsControllerTest]: no resource found for suffixes {-context.xml, Context.groovy}.
2018-08-20 22:42:53.116  INFO 35405 --- [    Test worker] t.c.s.AnnotationConfigContextLoaderUtils : Could not detect default configuration classes for test class [net.sshplendid.examples.spring.students.controller.StudentsControllerTest]: StudentsControllerTest does not declare any static, non-private, non-final, nested classes annotated with @Configuration.
2018-08-20 22:42:53.143  INFO 35405 --- [    Test worker] .b.t.c.SpringBootTestContextBootstrapper : Found @SpringBootConfiguration net.sshplendid.examples.spring.Application for test class net.sshplendid.examples.spring.students.controller.StudentsControllerTest
2018-08-20 22:42:53.144  INFO 35405 --- [    Test worker] .b.t.a.w.s.WebMvcTestContextBootstrapper : Loaded default TestExecutionListener class names from location [META-INF/spring.factories]: [org.springframework.boot.test.autoconfigure.restdocs.RestDocsTestExecutionListener, org.springframework.boot.test.autoconfigure.web.client.MockRestServiceServerResetTestExecutionListener, org.springframework.boot.test.autoconfigure.web.servlet.MockMvcPrintOnlyOnFailureTestExecutionListener, org.springframework.boot.test.autoconfigure.web.servlet.WebDriverTestExecutionListener, org.springframework.boot.test.mock.mockito.MockitoTestExecutionListener, org.springframework.boot.test.mock.mockito.ResetMocksTestExecutionListener, org.springframework.test.context.web.ServletTestExecutionListener, org.springframework.test.context.support.DirtiesContextBeforeModesTestExecutionListener, org.springframework.test.context.support.DependencyInjectionTestExecutionListener, org.springframework.test.context.support.DirtiesContextTestExecutionListener, org.springframework.test.context.transaction.TransactionalTestExecutionListener, org.springframework.test.context.jdbc.SqlScriptsTestExecutionListener]
2018-08-20 22:42:53.145  INFO 35405 --- [    Test worker] .b.t.a.w.s.WebMvcTestContextBootstrapper : Using TestExecutionListeners: [org.springframework.test.context.web.ServletTestExecutionListener@4838f4b6, org.springframework.test.context.support.DirtiesContextBeforeModesTestExecutionListener@47f3837, org.springframework.boot.test.mock.mockito.MockitoTestExecutionListener@4b2e3b3, org.springframework.boot.test.autoconfigure.SpringBootDependencyInjectionTestExecutionListener@4017c653, org.springframework.test.context.support.DirtiesContextTestExecutionListener@4f8507a3, org.springframework.test.context.transaction.TransactionalTestExecutionListener@32c620e4, org.springframework.test.context.jdbc.SqlScriptsTestExecutionListener@217af274, org.springframework.boot.test.autoconfigure.restdocs.RestDocsTestExecutionListener@5f218d56, org.springframework.boot.test.autoconfigure.web.client.MockRestServiceServerResetTestExecutionListener@387e210e, org.springframework.boot.test.autoconfigure.web.servlet.MockMvcPrintOnlyOnFailureTestExecutionListener@3bbcf7e5, org.springframework.boot.test.autoconfigure.web.servlet.WebDriverTestExecutionListener@4da35bb4, org.springframework.boot.test.mock.mockito.ResetMocksTestExecutionListener@1ebb246b]

  .   ____          _            __ _ _
 /\\ / ___'_ __ _ _(_)_ __  __ _ \ \ \ \
( ( )\___ | '_ | '_| | '_ \/ _` | \ \ \ \
 \\/  ___)| |_)| | | | | || (_| |  ) ) ) )
  '  |____| .__|_| |_|_| |_\__, | / / / /
 =========|_|==============|___/=/_/_/_/
 :: Spring Boot ::        (v2.0.3.RELEASE)

2018-08-20 22:42:53.181  INFO 35405 --- [    Test worker] n.s.e.s.s.c.StudentsControllerTest       : Starting StudentsControllerTest on ssh.local with PID 35405 (started by sshplendid in /Volumes/Mango/workspaces/_java_/java8/spring-data-example)
2018-08-20 22:42:53.183  INFO 35405 --- [    Test worker] n.s.e.s.s.c.StudentsControllerTest       : No active profile set, falling back to default profiles: default
2018-08-20 22:42:53.186  INFO 35405 --- [    Test worker] o.s.w.c.s.GenericWebApplicationContext   : Refreshing org.springframework.web.context.support.GenericWebApplicationContext@3c47fc03: startup date [Mon Aug 20 22:42:53 KST 2018]; root of context hierarchy
2018-08-20 22:42:53.488  INFO 35405 --- [    Test worker] o.s.w.s.handler.SimpleUrlHandlerMapping  : Mapped URL path [/**/favicon.ico] onto handler of type [class org.springframework.web.servlet.resource.ResourceHttpRequestHandler]
2018-08-20 22:42:53.637  INFO 35405 --- [    Test worker] s.w.s.m.m.a.RequestMappingHandlerAdapter : Looking for @ControllerAdvice: org.springframework.web.context.support.GenericWebApplicationContext@3c47fc03: startup date [Mon Aug 20 22:42:53 KST 2018]; root of context hierarchy
2018-08-20 22:42:53.657  INFO 35405 --- [    Test worker] s.w.s.m.m.a.RequestMappingHandlerMapping : Mapped "{[/students],methods=[GET]}" onto public java.util.List<net.sshplendid.examples.spring.students.entity.Student> net.sshplendid.examples.spring.students.controller.StudentsController.getStudents(java.lang.String,java.lang.Long)
2018-08-20 22:42:53.657  INFO 35405 --- [    Test worker] s.w.s.m.m.a.RequestMappingHandlerMapping : Mapped "{[/students],methods=[POST]}" onto public net.sshplendid.examples.spring.students.entity.Student net.sshplendid.examples.spring.students.controller.StudentsController.postStudent(net.sshplendid.examples.spring.students.entity.Student)
2018-08-20 22:42:53.657  INFO 35405 --- [    Test worker] s.w.s.m.m.a.RequestMappingHandlerMapping : Mapped "{[/student/{id}],methods=[PATCH]}" onto public net.sshplendid.examples.spring.students.entity.Student net.sshplendid.examples.spring.students.controller.StudentsController.patchStudent(java.lang.String,net.sshplendid.examples.spring.students.entity.Student)
2018-08-20 22:42:53.660  INFO 35405 --- [    Test worker] s.w.s.m.m.a.RequestMappingHandlerMapping : Mapped "{[/error]}" onto public org.springframework.http.ResponseEntity<java.util.Map<java.lang.String, java.lang.Object>> org.springframework.boot.autoconfigure.web.servlet.error.BasicErrorController.error(javax.servlet.http.HttpServletRequest)
2018-08-20 22:42:53.660  INFO 35405 --- [    Test worker] s.w.s.m.m.a.RequestMappingHandlerMapping : Mapped "{[/error],produces=[text/html]}" onto public org.springframework.web.servlet.ModelAndView org.springframework.boot.autoconfigure.web.servlet.error.BasicErrorController.errorHtml(javax.servlet.http.HttpServletRequest,javax.servlet.http.HttpServletResponse)
2018-08-20 22:42:53.691  INFO 35405 --- [    Test worker] o.s.w.s.handler.SimpleUrlHandlerMapping  : Mapped URL path [/webjars/**] onto handler of type [class org.springframework.web.servlet.resource.ResourceHttpRequestHandler]
2018-08-20 22:42:53.692  INFO 35405 --- [    Test worker] o.s.w.s.handler.SimpleUrlHandlerMapping  : Mapped URL path [/**] onto handler of type [class org.springframework.web.servlet.resource.ResourceHttpRequestHandler]
2018-08-20 22:42:53.798  INFO 35405 --- [    Test worker] o.s.b.t.m.w.SpringBootMockServletContext : Initializing Spring FrameworkServlet ''
2018-08-20 22:42:53.798  INFO 35405 --- [    Test worker] o.s.t.web.servlet.TestDispatcherServlet  : FrameworkServlet '': initialization started
2018-08-20 22:42:53.806  INFO 35405 --- [    Test worker] o.s.t.web.servlet.TestDispatcherServlet  : FrameworkServlet '': initialization completed in 8 ms
2018-08-20 22:42:53.829  INFO 35405 --- [    Test worker] n.s.e.s.s.c.StudentsControllerTest       : Started StudentsControllerTest in 0.679 seconds (JVM running for 10.229)

MockHttpServletRequest:
      HTTP Method = GET
      Request URI = /students
       Parameters = {namelike=[gon], age=[1]}
          Headers = {}
             Body = <no character encoding set>
    Session Attrs = {}

Handler:
             Type = net.sshplendid.examples.spring.students.controller.StudentsController
           Method = public java.util.List<net.sshplendid.examples.spring.students.entity.Student> net.sshplendid.examples.spring.students.controller.StudentsController.getStudents(java.lang.String,java.lang.Long)

Async:
    Async started = false
     Async result = null

Resolved Exception:
             Type = null

ModelAndView:
        View name = null
             View = null
            Model = null

FlashMap:
       Attributes = null

MockHttpServletResponse:
           Status = 200
    Error message = null
          Headers = {Content-Type=[application/json;charset=UTF-8]}
     Content type = application/json;charset=UTF-8
             Body = []
    Forwarded URL = null
   Redirected URL = null
          Cookies = []

MockHttpServletRequest:
      HTTP Method = GET
      Request URI = /students
       Parameters = {}
          Headers = {}
             Body = <no character encoding set>
    Session Attrs = {}

Handler:
             Type = net.sshplendid.examples.spring.students.controller.StudentsController
           Method = public java.util.List<net.sshplendid.examples.spring.students.entity.Student> net.sshplendid.examples.spring.students.controller.StudentsController.getStudents(java.lang.String,java.lang.Long)

Async:
    Async started = false
     Async result = null

Resolved Exception:
             Type = null

ModelAndView:
        View name = null
             View = null
            Model = null

FlashMap:
       Attributes = null

MockHttpServletResponse:
           Status = 200
    Error message = null
          Headers = {Content-Type=[application/json;charset=UTF-8]}
     Content type = application/json;charset=UTF-8
             Body = [{"id":0,"firstName":"John","lastName":"Doe","age":15,"gender":"MALE"},{"id":0,"firstName":"Jane","lastName":"Doe","age":16,"gender":"FEMALE"},{"id":0,"firstName":"Jameson","lastName":"Doe","age":20,"gender":"MALE"}]
    Forwarded URL = null
   Redirected URL = null
          Cookies = []
]]></system-out>
  <system-err><![CDATA[]]></system-err>
</testsuite>
