<?xml version="1.0" encoding="UTF-8"?>
<testsuite name="net.sshplendid.examples.spring.greeting.controller.GreetingControllerTest" tests="3" skipped="0" failures="0" errors="0" timestamp="2018-08-20T13:42:52" hostname="ssh.local" time="0.318">
  <properties/>
  <testcase name="shouldReturnJustHello" classname="net.sshplendid.examples.spring.greeting.controller.GreetingControllerTest" time="0.114"/>
  <testcase name="shouldReturnMessageWithName" classname="net.sshplendid.examples.spring.greeting.controller.GreetingControllerTest" time="0.18"/>
  <testcase name="shouldReturnDefaultMessage" classname="net.sshplendid.examples.spring.greeting.controller.GreetingControllerTest" time="0.021"/>
  <system-out><![CDATA[2018-08-20 22:42:51.870  INFO 35405 --- [    Test worker] .b.t.a.w.s.WebMvcTestContextBootstrapper : Neither @ContextConfiguration nor @ContextHierarchy found for test class [net.sshplendid.examples.spring.greeting.controller.GreetingControllerTest], using SpringBootContextLoader
2018-08-20 22:42:51.872  INFO 35405 --- [    Test worker] o.s.t.c.support.AbstractContextLoader    : Could not detect default resource locations for test class [net.sshplendid.examples.spring.greeting.controller.GreetingControllerTest]: no resource found for suffixes {-context.xml, Context.groovy}.
2018-08-20 22:42:51.872  INFO 35405 --- [    Test worker] t.c.s.AnnotationConfigContextLoaderUtils : Could not detect default configuration classes for test class [net.sshplendid.examples.spring.greeting.controller.GreetingControllerTest]: GreetingControllerTest does not declare any static, non-private, non-final, nested classes annotated with @Configuration.
2018-08-20 22:42:51.927  INFO 35405 --- [    Test worker] .b.t.c.SpringBootTestContextBootstrapper : Found @SpringBootConfiguration net.sshplendid.examples.spring.Application for test class net.sshplendid.examples.spring.greeting.controller.GreetingControllerTest
2018-08-20 22:42:51.929  INFO 35405 --- [    Test worker] .b.t.a.w.s.WebMvcTestContextBootstrapper : Loaded default TestExecutionListener class names from location [META-INF/spring.factories]: [org.springframework.boot.test.autoconfigure.restdocs.RestDocsTestExecutionListener, org.springframework.boot.test.autoconfigure.web.client.MockRestServiceServerResetTestExecutionListener, org.springframework.boot.test.autoconfigure.web.servlet.MockMvcPrintOnlyOnFailureTestExecutionListener, org.springframework.boot.test.autoconfigure.web.servlet.WebDriverTestExecutionListener, org.springframework.boot.test.mock.mockito.MockitoTestExecutionListener, org.springframework.boot.test.mock.mockito.ResetMocksTestExecutionListener, org.springframework.test.context.web.ServletTestExecutionListener, org.springframework.test.context.support.DirtiesContextBeforeModesTestExecutionListener, org.springframework.test.context.support.DependencyInjectionTestExecutionListener, org.springframework.test.context.support.DirtiesContextTestExecutionListener, org.springframework.test.context.transaction.TransactionalTestExecutionListener, org.springframework.test.context.jdbc.SqlScriptsTestExecutionListener]
2018-08-20 22:42:51.929  INFO 35405 --- [    Test worker] .b.t.a.w.s.WebMvcTestContextBootstrapper : Using TestExecutionListeners: [org.springframework.test.context.web.ServletTestExecutionListener@6576fafb, org.springframework.test.context.support.DirtiesContextBeforeModesTestExecutionListener@193f375b, org.springframework.boot.test.mock.mockito.MockitoTestExecutionListener@684b6aec, org.springframework.boot.test.autoconfigure.SpringBootDependencyInjectionTestExecutionListener@75e9e45f, org.springframework.test.context.support.DirtiesContextTestExecutionListener@271a793b, org.springframework.test.context.transaction.TransactionalTestExecutionListener@47ff076c, org.springframework.test.context.jdbc.SqlScriptsTestExecutionListener@74500975, org.springframework.boot.test.autoconfigure.restdocs.RestDocsTestExecutionListener@4e21d0bc, org.springframework.boot.test.autoconfigure.web.client.MockRestServiceServerResetTestExecutionListener@3a86bbe2, org.springframework.boot.test.autoconfigure.web.servlet.MockMvcPrintOnlyOnFailureTestExecutionListener@57d0fb9, org.springframework.boot.test.autoconfigure.web.servlet.WebDriverTestExecutionListener@7192a5c2, org.springframework.boot.test.mock.mockito.ResetMocksTestExecutionListener@31f63f7c]

  .   ____          _            __ _ _
 /\\ / ___'_ __ _ _(_)_ __  __ _ \ \ \ \
( ( )\___ | '_ | '_| | '_ \/ _` | \ \ \ \
 \\/  ___)| |_)| | | | | || (_| |  ) ) ) )
  '  |____| .__|_| |_|_| |_\__, | / / / /
 =========|_|==============|___/=/_/_/_/
 :: Spring Boot ::        (v2.0.3.RELEASE)

2018-08-20 22:42:51.967  INFO 35405 --- [    Test worker] n.s.e.s.g.c.GreetingControllerTest       : Starting GreetingControllerTest on ssh.local with PID 35405 (started by sshplendid in /Volumes/Mango/workspaces/_java_/java8/spring-data-example)
2018-08-20 22:42:51.969  INFO 35405 --- [    Test worker] n.s.e.s.g.c.GreetingControllerTest       : No active profile set, falling back to default profiles: default
2018-08-20 22:42:51.972  INFO 35405 --- [    Test worker] o.s.w.c.s.GenericWebApplicationContext   : Refreshing org.springframework.web.context.support.GenericWebApplicationContext@403b200b: startup date [Mon Aug 20 22:42:51 KST 2018]; root of context hierarchy
2018-08-20 22:42:52.307  INFO 35405 --- [    Test worker] o.s.w.s.handler.SimpleUrlHandlerMapping  : Mapped URL path [/**/favicon.ico] onto handler of type [class org.springframework.web.servlet.resource.ResourceHttpRequestHandler]
2018-08-20 22:42:52.435  INFO 35405 --- [    Test worker] s.w.s.m.m.a.RequestMappingHandlerAdapter : Looking for @ControllerAdvice: org.springframework.web.context.support.GenericWebApplicationContext@403b200b: startup date [Mon Aug 20 22:42:51 KST 2018]; root of context hierarchy
2018-08-20 22:42:52.460  INFO 35405 --- [    Test worker] s.w.s.m.m.a.RequestMappingHandlerMapping : Mapped "{[/greeting],methods=[GET]}" onto public net.sshplendid.examples.spring.net.sshplendid.examples.spring.greeting.Greeting net.sshplendid.examples.spring.net.sshplendid.examples.spring.greeting.controller.GreetingController.greeting(java.lang.String)
2018-08-20 22:42:52.460  INFO 35405 --- [    Test worker] s.w.s.m.m.a.RequestMappingHandlerMapping : Mapped "{[/],methods=[GET]}" onto public java.lang.String net.sshplendid.examples.spring.net.sshplendid.examples.spring.greeting.controller.GreetingController.home()
2018-08-20 22:42:52.463  INFO 35405 --- [    Test worker] s.w.s.m.m.a.RequestMappingHandlerMapping : Mapped "{[/error]}" onto public org.springframework.http.ResponseEntity<java.util.Map<java.lang.String, java.lang.Object>> org.springframework.boot.autoconfigure.web.servlet.error.BasicErrorController.error(javax.servlet.http.HttpServletRequest)
2018-08-20 22:42:52.464  INFO 35405 --- [    Test worker] s.w.s.m.m.a.RequestMappingHandlerMapping : Mapped "{[/error],produces=[text/html]}" onto public org.springframework.web.servlet.ModelAndView org.springframework.boot.autoconfigure.web.servlet.error.BasicErrorController.errorHtml(javax.servlet.http.HttpServletRequest,javax.servlet.http.HttpServletResponse)
2018-08-20 22:42:52.494  INFO 35405 --- [    Test worker] o.s.w.s.handler.SimpleUrlHandlerMapping  : Mapped URL path [/webjars/**] onto handler of type [class org.springframework.web.servlet.resource.ResourceHttpRequestHandler]
2018-08-20 22:42:52.494  INFO 35405 --- [    Test worker] o.s.w.s.handler.SimpleUrlHandlerMapping  : Mapped URL path [/**] onto handler of type [class org.springframework.web.servlet.resource.ResourceHttpRequestHandler]
2018-08-20 22:42:52.732  INFO 35405 --- [    Test worker] o.s.b.t.m.w.SpringBootMockServletContext : Initializing Spring FrameworkServlet ''
2018-08-20 22:42:52.733  INFO 35405 --- [    Test worker] o.s.t.web.servlet.TestDispatcherServlet  : FrameworkServlet '': initialization started
2018-08-20 22:42:52.752  INFO 35405 --- [    Test worker] o.s.t.web.servlet.TestDispatcherServlet  : FrameworkServlet '': initialization completed in 19 ms
2018-08-20 22:42:52.781  INFO 35405 --- [    Test worker] n.s.e.s.g.c.GreetingControllerTest       : Started GreetingControllerTest in 0.848 seconds (JVM running for 9.181)

MockHttpServletRequest:
      HTTP Method = GET
      Request URI = /
       Parameters = {}
          Headers = {}
             Body = <no character encoding set>
    Session Attrs = {}

Handler:
             Type = net.sshplendid.examples.spring.net.sshplendid.examples.spring.greeting.controller.GreetingController
           Method = public java.lang.String net.sshplendid.examples.spring.net.sshplendid.examples.spring.greeting.controller.GreetingController.home()

Async:
    Async started = false
     Async result = null

Resolved Exception:
             Type = null

ModelAndView:
        View name = null
             View = null
            Model = null

FlashMap:
       Attributes = null

MockHttpServletResponse:
           Status = 200
    Error message = null
          Headers = {Content-Type=[text/plain;charset=UTF-8], Content-Length=[5]}
     Content type = text/plain;charset=UTF-8
             Body = hello
    Forwarded URL = null
   Redirected URL = null
          Cookies = []

MockHttpServletRequest:
      HTTP Method = GET
      Request URI = /greeting
       Parameters = {name=[Shin]}
          Headers = {}
             Body = <no character encoding set>
    Session Attrs = {}

Handler:
             Type = net.sshplendid.examples.spring.net.sshplendid.examples.spring.greeting.controller.GreetingController
           Method = public net.sshplendid.examples.spring.net.sshplendid.examples.spring.greeting.Greeting net.sshplendid.examples.spring.net.sshplendid.examples.spring.greeting.controller.GreetingController.greeting(java.lang.String)

Async:
    Async started = false
     Async result = null

Resolved Exception:
             Type = null

ModelAndView:
        View name = null
             View = null
            Model = null

FlashMap:
       Attributes = null

MockHttpServletResponse:
           Status = 200
    Error message = null
          Headers = {Content-Type=[application/json;charset=UTF-8]}
     Content type = application/json;charset=UTF-8
             Body = {"id":1,"name":"Shin","content":"Hello, Shin!"}
    Forwarded URL = null
   Redirected URL = null
          Cookies = []

MockHttpServletRequest:
      HTTP Method = GET
      Request URI = /greeting
       Parameters = {}
          Headers = {}
             Body = <no character encoding set>
    Session Attrs = {}

Handler:
             Type = net.sshplendid.examples.spring.net.sshplendid.examples.spring.greeting.controller.GreetingController
           Method = public net.sshplendid.examples.spring.net.sshplendid.examples.spring.greeting.Greeting net.sshplendid.examples.spring.net.sshplendid.examples.spring.greeting.controller.GreetingController.greeting(java.lang.String)

Async:
    Async started = false
     Async result = null

Resolved Exception:
             Type = null

ModelAndView:
        View name = null
             View = null
            Model = null

FlashMap:
       Attributes = null

MockHttpServletResponse:
           Status = 200
    Error message = null
          Headers = {Content-Type=[application/json;charset=UTF-8]}
     Content type = application/json;charset=UTF-8
             Body = {"id":2,"name":null,"content":"Hello, null!"}
    Forwarded URL = null
   Redirected URL = null
          Cookies = []
]]></system-out>
  <system-err><![CDATA[]]></system-err>
</testsuite>
