<?xml version="1.0" encoding="UTF-8"?>
<testsuite name="net.sshplendid.examples.spring.HelloWorldTest" tests="2" skipped="0" failures="0" errors="0" timestamp="2018-08-20T13:42:53" hostname="ssh.local" time="0.002">
  <properties/>
  <testcase name="test_Main" classname="net.sshplendid.examples.spring.HelloWorldTest" time="0.001"/>
  <testcase name="test_throw_Exception" classname="net.sshplendid.examples.spring.HelloWorldTest" time="0.0"/>
  <system-out><![CDATA[Hello, World!
]]></system-out>
  <system-err><![CDATA[]]></system-err>
</testsuite>
